<?xml version="1.0" encoding="UTF-8"?>
<coverage generated="1606890848075" clover="3.2.0">
  <project timestamp="1606890848075" name="All files">
    <metrics statements="18" coveredstatements="18" conditionals="10" coveredconditionals="9" methods="3" coveredmethods="3" elements="31" coveredelements="30" complexity="0" loc="18" ncloc="18" packages="1" files="2" classes="2"/>
    <file name="bst-node.js" path="/Users/taylor/Desktop/CS-Practice/src/bst-node.js">
      <metrics statements="3" coveredstatements="3" conditionals="0" coveredconditionals="0" methods="1" coveredmethods="1"/>
      <line num="3" count="12" type="stmt"/>
      <line num="4" count="12" type="stmt"/>
      <line num="5" count="12" type="stmt"/>
    </file>
    <file name="bst.js" path="/Users/taylor/Desktop/CS-Practice/src/bst.js">
      <metrics statements="15" coveredstatements="15" conditionals="10" coveredconditionals="9" methods="2" coveredmethods="2"/>
      <line num="3" count="6" type="stmt"/>
      <line num="6" count="11" type="cond" truecount="2" falsecount="0"/>
      <line num="7" count="5" type="stmt"/>
      <line num="9" count="6" type="stmt"/>
      <line num="10" count="6" type="stmt"/>
      <line num="11" count="8" type="cond" truecount="2" falsecount="0"/>
      <line num="12" count="4" type="cond" truecount="2" falsecount="0"/>
      <line num="13" count="3" type="stmt"/>
      <line num="14" count="3" type="stmt"/>
      <line num="16" count="1" type="stmt"/>
      <line num="18" count="4" type="cond" truecount="1" falsecount="1"/>
      <line num="19" count="4" type="cond" truecount="2" falsecount="0"/>
      <line num="20" count="3" type="stmt"/>
      <line num="21" count="3" type="stmt"/>
      <line num="23" count="1" type="stmt"/>
    </file>
  </project>
</coverage>
