{"/Users/taylor/Desktop/CS-Practice/src/bst-node.js": {"path":"/Users/taylor/Desktop/CS-Practice/src/bst-node.js","statementMap":{"0":{"start":{"line":3,"column":4},"end":{"line":3,"column":21}},"1":{"start":{"line":4,"column":4},"end":{"line":4,"column":21}},"2":{"start":{"line":5,"column":4},"end":{"line":5,"column":22}}},"fnMap":{"0":{"name":"(anonymous_0)","decl":{"start":{"line":2,"column":2},"end":{"line":2,"column":3}},"loc":{"start":{"line":2,"column":20},"end":{"line":6,"column":3}},"line":2}},"branchMap":{},"s":{"0":12,"1":12,"2":12},"f":{"0":12},"b":{},"_coverageSchema":"43e27e138ebf9cfc5966b082cf9a028302ed4184","hash":"94e4c8f2fd280d4a40298e3b04376d479e242c0b"}
,"/Users/taylor/Desktop/CS-Practice/src/bst.js": {"path":"/Users/taylor/Desktop/CS-Practice/src/bst.js","statementMap":{"0":{"start":{"line":3,"column":4},"end":{"line":3,"column":21}},"1":{"start":{"line":6,"column":4},"end":{"line":27,"column":5}},"2":{"start":{"line":7,"column":6},"end":{"line":7,"column":31}},"3":{"start":{"line":9,"column":24},"end":{"line":9,"column":33}},"4":{"start":{"line":10,"column":6},"end":{"line":26,"column":7}},"5":{"start":{"line":11,"column":8},"end":{"line":25,"column":9}},"6":{"start":{"line":12,"column":10},"end":{"line":17,"column":11}},"7":{"start":{"line":13,"column":12},"end":{"line":13,"column":44}},"8":{"start":{"line":14,"column":12},"end":{"line":14,"column":24}},"9":{"start":{"line":16,"column":12},"end":{"line":16,"column":43}},"10":{"start":{"line":18,"column":15},"end":{"line":25,"column":9}},"11":{"start":{"line":19,"column":10},"end":{"line":24,"column":11}},"12":{"start":{"line":20,"column":12},"end":{"line":20,"column":45}},"13":{"start":{"line":21,"column":12},"end":{"line":21,"column":24}},"14":{"start":{"line":23,"column":12},"end":{"line":23,"column":44}}},"fnMap":{"0":{"name":"(anonymous_0)","decl":{"start":{"line":2,"column":2},"end":{"line":2,"column":3}},"loc":{"start":{"line":2,"column":16},"end":{"line":4,"column":3}},"line":2},"1":{"name":"(anonymous_1)","decl":{"start":{"line":5,"column":2},"end":{"line":5,"column":3}},"loc":{"start":{"line":5,"column":23},"end":{"line":28,"column":3}},"line":5}},"branchMap":{"0":{"loc":{"start":{"line":6,"column":4},"end":{"line":27,"column":5}},"type":"if","locations":[{"start":{"line":6,"column":4},"end":{"line":27,"column":5}},{"start":{"line":6,"column":4},"end":{"line":27,"column":5}}],"line":6},"1":{"loc":{"start":{"line":11,"column":8},"end":{"line":25,"column":9}},"type":"if","locations":[{"start":{"line":11,"column":8},"end":{"line":25,"column":9}},{"start":{"line":11,"column":8},"end":{"line":25,"column":9}}],"line":11},"2":{"loc":{"start":{"line":12,"column":10},"end":{"line":17,"column":11}},"type":"if","locations":[{"start":{"line":12,"column":10},"end":{"line":17,"column":11}},{"start":{"line":12,"column":10},"end":{"line":17,"column":11}}],"line":12},"3":{"loc":{"start":{"line":18,"column":15},"end":{"line":25,"column":9}},"type":"if","locations":[{"start":{"line":18,"column":15},"end":{"line":25,"column":9}},{"start":{"line":18,"column":15},"end":{"line":25,"column":9}}],"line":18},"4":{"loc":{"start":{"line":19,"column":10},"end":{"line":24,"column":11}},"type":"if","locations":[{"start":{"line":19,"column":10},"end":{"line":24,"column":11}},{"start":{"line":19,"column":10},"end":{"line":24,"column":11}}],"line":19}},"s":{"0":6,"1":11,"2":5,"3":6,"4":6,"5":8,"6":4,"7":3,"8":3,"9":1,"10":4,"11":4,"12":3,"13":3,"14":1},"f":{"0":6,"1":11},"b":{"0":[5,6],"1":[4,4],"2":[3,1],"3":[4,0],"4":[3,1]},"_coverageSchema":"43e27e138ebf9cfc5966b082cf9a028302ed4184","hash":"f78fc1d7e1614f79aae80849dbfb3235cdc651f6"}
}
