TN:
SF:/Users/taylor/Desktop/CS-Practice/src/bst-node.js
FN:2,(anonymous_0)
FNF:1
FNH:1
FNDA:9,(anonymous_0)
DA:3,9
DA:4,9
DA:5,9
LF:3
LH:3
BRF:0
BRH:0
end_of_record
TN:
SF:/Users/taylor/Desktop/CS-Practice/src/bst.js
FN:2,(anonymous_0)
FN:5,(anonymous_1)
FNF:2
FNH:2
FNDA:5,(anonymous_0)
FNDA:8,(anonymous_1)
DA:3,5
DA:6,8
DA:7,4
DA:9,4
DA:10,4
DA:11,5
DA:12,4
DA:13,3
DA:14,3
DA:16,1
DA:18,1
DA:19,1
DA:20,1
LF:13
LH:13
BRDA:6,0,0,4
BRDA:6,0,1,4
BRDA:11,1,0,4
BRDA:11,1,1,1
BRDA:12,2,0,3
BRDA:12,2,1,1
BRDA:18,3,0,1
BRDA:18,3,1,0
BRF:8
BRH:7
end_of_record
