TN:
SF:/Users/taylor/Desktop/CS-Practice/src/bst-node.js
FN:2,(anonymous_0)
FNF:1
FNH:1
FNDA:15,(anonymous_0)
DA:3,15
DA:4,15
DA:5,15
LF:3
LH:3
BRF:0
BRH:0
end_of_record
TN:
SF:/Users/taylor/Desktop/CS-Practice/src/bst.js
FN:2,(anonymous_0)
FN:5,(anonymous_1)
FNF:2
FNH:2
FNDA:7,(anonymous_0)
FNDA:14,(anonymous_1)
DA:3,7
DA:6,14
DA:7,6
DA:9,8
DA:10,8
DA:11,11
DA:12,6
DA:13,4
DA:14,4
DA:16,2
DA:18,5
DA:19,5
DA:20,4
DA:21,4
DA:23,1
LF:15
LH:15
BRDA:6,0,0,6
BRDA:6,0,1,8
BRDA:11,1,0,6
BRDA:11,1,1,5
BRDA:12,2,0,4
BRDA:12,2,1,2
BRDA:18,3,0,5
BRDA:18,3,1,0
BRDA:19,4,0,4
BRDA:19,4,1,1
BRF:10
BRH:9
end_of_record
